<?xml version="1.0" encoding="UTF-8"?>
<!-- Generated by org.testng.reporters.JUnitXMLReporter -->
<testsuite ignored="3" hostname="DESKTOP-Q2NUHK3" failures="0" tests="1" name="Parametrised" time="0.145" errors="0" timestamp="2022-05-27T13:29:36 IST">
  <testcase classname="Testsuiteng.Parametrised" name="stacko" time="0.024"/>
  <testcase classname="Testsuiteng.Parametrised" name="nemo" time="0.0">
    <ignored/>
  </testcase> <!-- nemo -->
  <testcase classname="Testsuiteng.Parametrised" name="kemo" time="0.0">
    <ignored/>
  </testcase> <!-- kemo -->
  <testcase classname="Testsuiteng.Parametrised" name="demo" time="0.0">
    <ignored/>
  </testcase> <!-- demo -->
</testsuite> <!-- Parametrised -->
