<?xml version="1.0" encoding="UTF-8"?>
<testng-results ignored="0" total="1" passed="1" failed="0" skipped="0">
  <reporter-output>
  </reporter-output>
  <suite started-at="2022-09-04T15:33:49 IST" name="Default suite" finished-at="2022-09-04T15:33:49 IST" duration-ms="90">
    <groups>
    </groups>
    <test started-at="2022-09-04T15:33:49 IST" name="Default test" finished-at="2022-09-04T15:33:49 IST" duration-ms="90">
      <class name="Testsuiteng.Parametrised">
        <test-method is-config="true" signature="nemo()[pri:0, instance:[Parametrised passed=0 failed=0 skipped=0]]" started-at="2022-09-04T15:33:48 IST" name="nemo" finished-at="2022-09-04T15:33:49 IST" duration-ms="35" status="PASS">
          <reporter-output>
          </reporter-output>
        </test-method> <!-- nemo -->
        <test-method signature="kemo()[pri:0, instance:[Parametrised passed=0 failed=0 skipped=0]]" started-at="2022-09-04T15:33:49 IST" name="kemo" finished-at="2022-09-04T15:33:49 IST" duration-ms="9" status="PASS">
          <reporter-output>
          </reporter-output>
        </test-method> <!-- kemo -->
        <test-method is-config="true" signature="demo()[pri:0, instance:[Parametrised passed=0 failed=0 skipped=0]]" started-at="2022-09-04T15:33:49 IST" name="demo" finished-at="2022-09-04T15:33:49 IST" duration-ms="0" status="PASS">
          <reporter-output>
          </reporter-output>
        </test-method> <!-- demo -->
      </class> <!-- Testsuiteng.Parametrised -->
    </test> <!-- Default test -->
  </suite> <!-- Default suite -->
</testng-results>
